#
# There is insufficient memory for the Java Runtime Environment to continue.
# Native memory allocation (malloc) failed to allocate 32744 bytes for ChunkPool::allocate
# Possible reasons:
#   The system is out of physical RAM or swap space
#   In 32 bit mode, the process size limit was hit
# Possible solutions:
#   Reduce memory load on the system
#   Increase physical memory or swap space
#   Check if swap backing store is full
#   Use 64 bit Java on a 64 bit OS
#   Decrease Java heap size (-Xmx/-Xms)
#   Decrease number of Java threads
#   Decrease Java thread stack sizes (-Xss)
#   Set larger code cache with -XX:ReservedCodeCacheSize=
# This output file may be truncated or incomplete.
#
#  Out of Memory Error (allocation.cpp:271), pid=13936, tid=5988
#
# JRE version: Java(TM) SE Runtime Environment (8.0_11-b12) (build 1.8.0_11-b12)
# Java VM: Java HotSpot(TM) 64-Bit Server VM (25.11-b03 mixed mode windows-amd64 compressed oops)
# Failed to write core dump. Minidumps are not enabled by default on client versions of Windows
#

---------------  T H R E A D  ---------------

Current thread (0x00000000551e5000):  JavaThread "C2 CompilerThread1" daemon [_thread_in_native, id=5988, stack(0x0000000056f90000,0x0000000057090000)]

Stack: [0x0000000056f90000,0x0000000057090000]
Native frames: (J=compiled Java code, j=interpreted, Vv=VM code, C=native code)
V  [jvm.dll+0x308eca]


Current CompileTask:
C2:10556362 16564       4       org.gradle.api.internal.artifacts.ivyservice.DefaultCacheLockingManager::useCache (12 bytes)


---------------  P R O C E S S  ---------------

Java Threads: ( => current thread )
  0x000000005c18f000 JavaThread "Stdin handler" [_thread_blocked, id=9820, stack(0x0000000059470000,0x0000000059570000)]
  0x00000000567f3800 JavaThread "Daemon worker Thread 10" [_thread_in_vm, id=15456, stack(0x0000000058aa0000,0x0000000058ba0000)]
  0x00000000567f2000 JavaThread "Cancel handler" [_thread_blocked, id=9684, stack(0x0000000058cc0000,0x0000000058dc0000)]
  0x00000000567f3000 JavaThread "Handler for socket connection from /127.0.0.1:51639 to /127.0.0.1:53175" [_thread_in_native, id=5712, stack(0x0000000056e90000,0x0000000056f90000)]
  0x00000000567f1800 JavaThread "Daemon Thread 10" [_thread_blocked, id=9692, stack(0x00000000591d0000,0x00000000592d0000)]
  0x00000000584e4000 JavaThread "File lock request listener" [_thread_in_native, id=17352, stack(0x000000005cd30000,0x000000005ce30000)]
  0x00000000578e3000 JavaThread "Incoming local TCP Connector on port 51639" [_thread_in_native, id=17324, stack(0x0000000058eb0000,0x0000000058fb0000)]
  0x0000000056660000 JavaThread "Service Thread" daemon [_thread_blocked, id=16280, stack(0x00000000571c0000,0x00000000572c0000)]
  0x00000000551e6800 JavaThread "C1 CompilerThread2" daemon [_thread_blocked, id=14208, stack(0x0000000057090000,0x0000000057190000)]
=>0x00000000551e5000 JavaThread "C2 CompilerThread1" daemon [_thread_in_native, id=5988, stack(0x0000000056f90000,0x0000000057090000)]
  0x00000000565d1800 JavaThread "C2 CompilerThread0" daemon [_thread_in_native, id=17572, stack(0x0000000056d20000,0x0000000056e20000)]
  0x00000000565d0800 JavaThread "Attach Listener" daemon [_thread_blocked, id=18216, stack(0x0000000056270000,0x0000000056370000)]
  0x00000000551e1800 JavaThread "Signal Dispatcher" daemon [_thread_blocked, id=1616, stack(0x0000000056ad0000,0x0000000056bd0000)]
  0x0000000055185800 JavaThread "Finalizer" daemon [_thread_blocked, id=9848, stack(0x00000000564d0000,0x00000000565d0000)]
  0x000000005517a800 JavaThread "Reference Handler" daemon [_thread_blocked, id=11248, stack(0x0000000056390000,0x0000000056490000)]
  0x000000000217f000 JavaThread "main" [_thread_blocked, id=18188, stack(0x0000000002570000,0x0000000002670000)]

Other Threads:
  0x0000000055177000 VMThread [stack: 0x0000000056170000,0x0000000056270000] [id=15904]
  0x0000000056663000 WatcherThread [stack: 0x0000000056bf0000,0x0000000056cf0000] [id=18428]

VM state:not at safepoint (normal execution)

VM Mutex/Monitor currently owned by a thread: None

Heap:
 PSYoungGen      total 285696K, used 137882K [0x00000000eab00000, 0x00000000ffb80000, 0x0000000100000000)
  eden space 226816K, 43% used [0x00000000eab00000,0x00000000f0c40b28,0x00000000f8880000)
  from space 58880K, 65% used [0x00000000fc200000,0x00000000fe766040,0x00000000ffb80000)
  to   space 58880K, 0% used [0x00000000f8880000,0x00000000f8880000,0x00000000fc200000)
 ParOldGen       total 148992K, used 125196K [0x00000000c0000000, 0x00000000c9180000, 0x00000000eab00000)
  object space 148992K, 84% used [0x00000000c0000000,0x00000000c7a43300,0x00000000c9180000)
 Metaspace       used 132692K, capacity 139452K, committed 139648K, reserved 1167360K
  class space    used 18536K, capacity 21029K, committed 21120K, reserved 1048576K

Card table byte_map: [0x0000000011d00000,0x0000000011f10000] byte_map_base: 0x0000000011700000

Marking Bits: (ParMarkBitMap*) 0x000000005bae12b0
 Begin Bits: [0x00000000125f0000, 0x00000000135f0000)
 End Bits:   [0x00000000135f0000, 0x00000000145f0000)

Polling page: 0x0000000000130000

CodeCache: size=245760Kb used=40716Kb max_used=40891Kb free=205043Kb
 bounds [0x0000000002940000, 0x0000000005170000, 0x0000000011940000]
 total_blobs=12473 nmethods=11790 adapters=595
 compilation: enabled

Compilation events (10 events):
Event: 10554.655 Thread 0x00000000551e6800 nmethod 16581 0x0000000004e6d1d0 code [0x0000000004e6d640, 0x0000000004e6ff98]
Event: 10554.655 Thread 0x00000000551e6800 16582       3       com.google.common.collect.AbstractMapBasedMultimap$WrappedCollection$WrappedIterator::hasNext (14 bytes)
Event: 10554.656 Thread 0x00000000551e6800 nmethod 16582 0x0000000004ed66d0 code [0x0000000004ed6860, 0x0000000004ed6c08]
Event: 10554.656 Thread 0x00000000551e6800 16583       3       com.android.builder.dependency.LibraryBundle::hashCode (19 bytes)
Event: 10554.656 Thread 0x00000000551e6800 nmethod 16583 0x0000000005030dd0 code [0x0000000005030f40, 0x00000000050311a8]
Event: 10554.656 Thread 0x00000000551e6800 16584       1       com.android.build.gradle.internal.dependency.LibraryDependencyImpl::getDependencies (5 bytes)
Event: 10554.656 Thread 0x00000000551e6800 nmethod 16584 0x0000000005030ad0 code [0x0000000005030c20, 0x0000000005030d30]
Event: 10554.656 Thread 0x00000000551e6800 16585       1       com.google.common.collect.AbstractMapBasedMultimap::access$000 (5 bytes)
Event: 10554.656 Thread 0x00000000551e6800 nmethod 16585 0x0000000004d20010 code [0x0000000004d20160, 0x0000000004d20250]
Event: 10554.690 Thread 0x00000000565d1800 16586       4       java.beans.Introspector::processPropertyDescriptors (724 bytes)

GC Heap History (10 events):
Event: 10359.895 GC heap before
{Heap before GC invocations=88 (full 17):
 PSYoungGen      total 267776K, used 233252K [0x00000000eab00000, 0x00000000fec80000, 0x0000000100000000)
  eden space 214016K, 86% used [0x00000000eab00000,0x00000000f5ee9308,0x00000000f7c00000)
  from space 53760K, 91% used [0x00000000fb400000,0x00000000fe3e00b0,0x00000000fe880000)
  to   space 57344K, 0% used [0x00000000f7c00000,0x00000000f7c00000,0x00000000fb400000)
 ParOldGen       total 148992K, used 124593K [0x00000000c0000000, 0x00000000c9180000, 0x00000000eab00000)
  object space 148992K, 83% used [0x00000000c0000000,0x00000000c79ac5e0,0x00000000c9180000)
 Metaspace       used 110804K, capacity 115642K, committed 115712K, reserved 1148928K
  class space    used 15329K, capacity 17105K, committed 17152K, reserved 1048576K
Event: 10359.990 GC heap after
Heap after GC invocations=88 (full 17):
 PSYoungGen      total 271360K, used 53517K [0x00000000eab00000, 0x00000000ff580000, 0x0000000100000000)
  eden space 214016K, 0% used [0x00000000eab00000,0x00000000eab00000,0x00000000f7c00000)
  from space 57344K, 93% used [0x00000000f7c00000,0x00000000fb043680,0x00000000fb400000)
  to   space 61952K, 0% used [0x00000000fb900000,0x00000000fb900000,0x00000000ff580000)
 ParOldGen       total 148992K, used 131108K [0x00000000c0000000, 0x00000000c9180000, 0x00000000eab00000)
  object space 148992K, 87% used [0x00000000c0000000,0x00000000c8009018,0x00000000c9180000)
 Metaspace       used 110804K, capacity 115642K, committed 115712K, reserved 1148928K
  class space    used 15329K, capacity 17105K, committed 17152K, reserved 1048576K
}
Event: 10359.990 GC heap before
{Heap before GC invocations=89 (full 18):
 PSYoungGen      total 271360K, used 53517K [0x00000000eab00000, 0x00000000ff580000, 0x0000000100000000)
  eden space 214016K, 0% used [0x00000000eab00000,0x00000000eab00000,0x00000000f7c00000)
  from space 57344K, 93% used [0x00000000f7c00000,0x00000000fb043680,0x00000000fb400000)
  to   space 61952K, 0% used [0x00000000fb900000,0x00000000fb900000,0x00000000ff580000)
 ParOldGen       total 148992K, used 131108K [0x00000000c0000000, 0x00000000c9180000, 0x00000000eab00000)
  object space 148992K, 87% used [0x00000000c0000000,0x00000000c8009018,0x00000000c9180000)
 Metaspace       used 110804K, capacity 115642K, committed 115712K, reserved 1148928K
  class space    used 15329K, capacity 17105K, committed 17152K, reserved 1048576K
Event: 10360.729 GC heap after
Heap after GC invocations=89 (full 18):
 PSYoungGen      total 271360K, used 0K [0x00000000eab00000, 0x00000000ff580000, 0x0000000100000000)
  eden space 214016K, 0% used [0x00000000eab00000,0x00000000eab00000,0x00000000f7c00000)
  from space 57344K, 0% used [0x00000000f7c00000,0x00000000f7c00000,0x00000000fb400000)
  to   space 61952K, 0% used [0x00000000fb900000,0x00000000fb900000,0x00000000ff580000)
 ParOldGen       total 148992K, used 125172K [0x00000000c0000000, 0x00000000c9180000, 0x00000000eab00000)
  object space 148992K, 84% used [0x00000000c0000000,0x00000000c7a3d300,0x00000000c9180000)
 Metaspace       used 110737K, capacity 115414K, committed 115712K, reserved 1148928K
  class space    used 15313K, capacity 17037K, committed 17152K, reserved 1048576K
}
Event: 10395.508 GC heap before
{Heap before GC invocations=90 (full 18):
 PSYoungGen      total 271360K, used 214016K [0x00000000eab00000, 0x00000000ff580000, 0x0000000100000000)
  eden space 214016K, 100% used [0x00000000eab00000,0x00000000f7c00000,0x00000000f7c00000)
  from space 57344K, 0% used [0x00000000f7c00000,0x00000000f7c00000,0x00000000fb400000)
  to   space 61952K, 0% used [0x00000000fb900000,0x00000000fb900000,0x00000000ff580000)
 ParOldGen       total 148992K, used 125172K [0x00000000c0000000, 0x00000000c9180000, 0x00000000eab00000)
  object space 148992K, 84% used [0x00000000c0000000,0x00000000c7a3d300,0x00000000c9180000)
 Metaspace       used 117644K, capacity 122998K, committed 123264K, reserved 1155072K
  class space    used 16314K, capacity 18289K, committed 18304K, reserved 1048576K
Event: 10395.540 GC heap after
Heap after GC invocations=90 (full 18):
 PSYoungGen      total 276480K, used 23416K [0x00000000eab00000, 0x0000000100000000, 0x0000000100000000)
  eden space 214528K, 0% used [0x00000000eab00000,0x00000000eab00000,0x00000000f7c80000)
  from space 61952K, 37% used [0x00000000fb900000,0x00000000fcfde120,0x00000000ff580000)
  to   space 61952K, 0% used [0x00000000f7c80000,0x00000000f7c80000,0x00000000fb900000)
 ParOldGen       total 148992K, used 125180K [0x00000000c0000000, 0x00000000c9180000, 0x00000000eab00000)
  object space 148992K, 84% used [0x00000000c0000000,0x00000000c7a3f300,0x00000000c9180000)
 Metaspace       used 117644K, capacity 122998K, committed 123264K, reserved 1155072K
  class space    used 16314K, capacity 18289K, committed 18304K, reserved 1048576K
}
Event: 10434.579 GC heap before
{Heap before GC invocations=91 (full 18):
 PSYoungGen      total 276480K, used 237944K [0x00000000eab00000, 0x0000000100000000, 0x0000000100000000)
  eden space 214528K, 100% used [0x00000000eab00000,0x00000000f7c80000,0x00000000f7c80000)
  from space 61952K, 37% used [0x00000000fb900000,0x00000000fcfde120,0x00000000ff580000)
  to   space 61952K, 0% used [0x00000000f7c80000,0x00000000f7c80000,0x00000000fb900000)
 ParOldGen       total 148992K, used 125180K [0x00000000c0000000, 0x00000000c9180000, 0x00000000eab00000)
  object space 148992K, 84% used [0x00000000c0000000,0x00000000c7a3f300,0x00000000c9180000)
 Metaspace       used 123570K, capacity 129552K, committed 129792K, reserved 1159168K
  class space    used 17194K, capacity 19413K, committed 19456K, reserved 1048576K
Event: 10434.617 GC heap after
Heap after GC invocations=91 (full 18):
 PSYoungGen      total 276480K, used 29153K [0x00000000eab00000, 0x00000000ffd00000, 0x0000000100000000)
  eden space 214528K, 0% used [0x00000000eab00000,0x00000000eab00000,0x00000000f7c80000)
  from space 61952K, 47% used [0x00000000f7c80000,0x00000000f98f8520,0x00000000fb900000)
  to   space 60416K, 0% used [0x00000000fc200000,0x00000000fc200000,0x00000000ffd00000)
 ParOldGen       total 148992K, used 125188K [0x00000000c0000000, 0x00000000c9180000, 0x00000000eab00000)
  object space 148992K, 84% used [0x00000000c0000000,0x00000000c7a41300,0x00000000c9180000)
 Metaspace       used 123570K, capacity 129552K, committed 129792K, reserved 1159168K
  class space    used 17194K, capacity 19413K, committed 19456K, reserved 1048576K
}
Event: 10552.881 GC heap before
{Heap before GC invocations=92 (full 18):
 PSYoungGen      total 276480K, used 243681K [0x00000000eab00000, 0x00000000ffd00000, 0x0000000100000000)
  eden space 214528K, 100% used [0x00000000eab00000,0x00000000f7c80000,0x00000000f7c80000)
  from space 61952K, 47% used [0x00000000f7c80000,0x00000000f98f8520,0x00000000fb900000)
  to   space 60416K, 0% used [0x00000000fc200000,0x00000000fc200000,0x00000000ffd00000)
 ParOldGen       total 148992K, used 125188K [0x00000000c0000000, 0x00000000c9180000, 0x00000000eab00000)
  object space 148992K, 84% used [0x00000000c0000000,0x00000000c7a41300,0x00000000c9180000)
 Metaspace       used 126772K, capacity 133220K, committed 133248K, reserved 1163264K
  class space    used 17687K, capacity 20069K, committed 20096K, reserved 1048576K
Event: 10552.938 GC heap after
Heap after GC invocations=92 (full 18):
 PSYoungGen      total 285696K, used 38296K [0x00000000eab00000, 0x00000000ffb80000, 0x0000000100000000)
  eden space 226816K, 0% used [0x00000000eab00000,0x00000000eab00000,0x00000000f8880000)
  from space 58880K, 65% used [0x00000000fc200000,0x00000000fe766040,0x00000000ffb80000)
  to   space 58880K, 0% used [0x00000000f8880000,0x00000000f8880000,0x00000000fc200000)
 ParOldGen       total 148992K, used 125196K [0x00000000c0000000, 0x00000000c9180000, 0x00000000eab00000)
  object space 148992K, 84% used [0x00000000c0000000,0x00000000c7a43300,0x00000000c9180000)
 Metaspace       used 126772K, capacity 133220K, committed 133248K, reserved 1163264K
  class space    used 17687K, capacity 20069K, committed 20096K, reserved 1048576K
}

Deoptimization events (10 events):
Event: 10399.660 Thread 0x00000000567f3000 Uncommon trap: reason=null_check action=make_not_entrant pc=0x00000000051017f0 method=com.android.ide.common.res2.NodeUtils.processSingleNodeNamespace(Lorg/w3c/dom/Node;Lorg/w3c/dom/Document;)Z @ 8
Event: 10399.682 Thread 0x00000000567f3000 Uncommon trap: reason=unreached action=reinterpret pc=0x000000000510c914 method=com.android.ide.common.res2.NodeUtils.processSingleNodeNamespace(Lorg/w3c/dom/Node;Lorg/w3c/dom/Document;)Z @ 24
Event: 10407.101 Thread 0x00000000567f1800 Uncommon trap: reason=array_check action=maybe_recompile pc=0x0000000003639780 method=java.util.TimSort.reverseRange([Ljava/lang/Object;II)V @ 20
Event: 10435.943 Thread 0x00000000567f3000 Uncommon trap: reason=class_check action=maybe_recompile pc=0x0000000004e47da0 method=org.gradle.api.internal.file.collections.DefaultFileCollectionResolveContext$FileCollectionConverter.convertInto(Ljava/lang/Object;Ljava/util/Collection;Lorg/gradle/api/i1<Ÿ¨¯aƒ@
Event: 10435.943 Thread 0x00000000567f3000 Uncommon trap: reason=class_check action=maybe_recompile pc=0x0000000004e47da0 method=org.gradle.api.internal.file.collections.DefaultFileCollectionResolveContext$FileCollectionConverter.convertInto(Ljava/lang/Object;Ljava/util/Collection;Lorg/gradle/api/iüvâ¸aƒ@
Event: 10435.969 Thread 0x00000000567f3000 Uncommon trap: reason=class_check action=maybe_recompile pc=0x0000000004e47da0 method=org.gradle.api.internal.file.collections.DefaultFileCollectionResolveContext$FileCollectionConverter.convertInto(Ljava/lang/Object;Ljava/util/Collection;Lorg/gradle/api/iî+¸aƒ@
Event: 10435.969 Thread 0x00000000567f3000 Uncommon trap: reason=class_check action=maybe_recompile pc=0x0000000004e47da0 method=org.gradle.api.internal.file.collections.DefaultFileCollectionResolveContext$FileCollectionConverter.convertInto(Ljava/lang/Object;Ljava/util/Collection;Lorg/gradle/api/i:w¥¿fƒ@
Event: 10445.506 Thread 0x00000000567f3000 Uncommon trap: reason=class_check action=maybe_recompile pc=0x0000000003ac6efc method=java.util.regex.Matcher.search(I)Z @ 86
Event: 10445.506 Thread 0x00000000567f3000 Uncommon trap: reason=class_check action=maybe_recompile pc=0x0000000002f7a6dc method=java.util.regex.Matcher.search(I)Z @ 86
Event: 10445.695 Thread 0x00000000567f1800 Uncommon trap: reason=array_check action=maybe_recompile pc=0x0000000003639780 method=java.util.TimSort.reverseRange([Ljava/lang/Object;II)V @ 20

Internal exceptions (10 events):
Event: 10554.708 Thread 0x00000000567f3800 Exception <a 'java/security/PrivilegedActionException'> (0x00000000f0a45280) thrown at [C:\re\workspace\8-2-build-windows-amd64-cygwin\jdk8u11\648\hotspot\src\share\vm\prims\jvm.cpp, line 1248]
Event: 10554.708 Thread 0x00000000567f3800 Exception <a 'java/security/PrivilegedActionException'> (0x00000000f0a465f8) thrown at [C:\re\workspace\8-2-build-windows-amd64-cygwin\jdk8u11\648\hotspot\src\share\vm\prims\jvm.cpp, line 1248]
Event: 10554.708 Thread 0x00000000567f3800 Exception <a 'java/security/PrivilegedActionException'> (0x00000000f0a477d8) thrown at [C:\re\workspace\8-2-build-windows-amd64-cygwin\jdk8u11\648\hotspot\src\share\vm\prims\jvm.cpp, line 1248]
Event: 10554.708 Thread 0x00000000567f3800 Exception <a 'java/security/PrivilegedActionException'> (0x00000000f0a4dfa0) thrown at [C:\re\workspace\8-2-build-windows-amd64-cygwin\jdk8u11\648\hotspot\src\share\vm\prims\jvm.cpp, line 1248]
Event: 10554.709 Thread 0x00000000567f3800 Exception <a 'java/lang/ClassNotFoundException': com/android/build/gradle/internal/tasks/CheckManifestBeanInfo> (0x00000000f0a4e6b0) thrown at [C:\re\workspace\8-2-build-windows-amd64-cygwin\jdk8u11\648\hotspot\src\share\vm\classfile\systemDictionary.cpp, áÑñøZùƒ@
Event: 10554.709 Thread 0x00000000567f3800 Exception <a 'java/security/PrivilegedActionException'> (0x00000000f0a54148) thrown at [C:\re\workspace\8-2-build-windows-amd64-cygwin\jdk8u11\648\hotspot\src\share\vm\prims\jvm.cpp, line 1248]
Event: 10554.709 Thread 0x00000000567f3800 Exception <a 'java/security/PrivilegedActionException'> (0x00000000f0a554d0) thrown at [C:\re\workspace\8-2-build-windows-amd64-cygwin\jdk8u11\648\hotspot\src\share\vm\prims\jvm.cpp, line 1248]
Event: 10554.709 Thread 0x00000000567f3800 Exception <a 'java/security/PrivilegedActionException'> (0x00000000f0a566c8) thrown at [C:\re\workspace\8-2-build-windows-amd64-cygwin\jdk8u11\648\hotspot\src\share\vm\prims\jvm.cpp, line 1248]
Event: 10554.710 Thread 0x00000000567f3800 Exception <a 'java/security/PrivilegedActionException'> (0x00000000f0a5d020) thrown at [C:\re\workspace\8-2-build-windows-amd64-cygwin\jdk8u11\648\hotspot\src\share\vm\prims\jvm.cpp, line 1248]
Event: 10554.710 Thread 0x00000000567f3800 Exception <a 'java/lang/ClassNotFoundException': com/android/build/gradle/internal/tasks/CheckManifestCustomizer> (0x00000000f0a5d730) thrown at [C:\re\workspace\8-2-build-windows-amd64-cygwin\jdk8u11\648\hotspot\src\share\vm\classfile\systemDictionary.cpp3ØŸ°Zùƒ@

Events (10 events):
Event: 10554.708 loading class com/android/build/gradle/internal/tasks/CheckManifest_DecoratedBeanInfo
Event: 10554.708 loading class com/android/build/gradle/internal/tasks/CheckManifest_DecoratedBeanInfo done
Event: 10554.708 loading class com/android/build/gradle/internal/tasks/CheckManifestBeanInfo
Event: 10554.708 loading class com/android/build/gradle/internal/tasks/CheckManifestBeanInfo done
Event: 10554.708 loading class com/android/build/gradle/internal/tasks/CheckManifestBeanInfo
Event: 10554.708 loading class com/android/build/gradle/internal/tasks/CheckManifestBeanInfo done
Event: 10554.709 loading class com/android/build/gradle/internal/tasks/CheckManifestCustomizer
Event: 10554.709 loading class com/android/build/gradle/internal/tasks/CheckManifestCustomizer done
Event: 10554.710 loading class com/android/build/gradle/internal/tasks/CheckManifestCustomizer
Event: 10554.710 loading class com/android/build/gradle/internal/tasks/CheckManifestCustomizer done


Dynamic libraries:
0x000000013ff50000 - 0x000000013ff84000 	C:\Program Files\Java\jdk1.8.0_11\bin\java.exe
0x0000000077c10000 - 0x0000000077db9000 	C:\Windows\SYSTEM32\ntdll.dll
0x00000000779f0000 - 0x0000000077b0f000 	C:\Windows\system32\kernel32.dll
0x000007fefdc60000 - 0x000007fefdccc000 	C:\Windows\system32\KERNELBASE.dll
0x000007fefdd80000 - 0x000007fefde5b000 	C:\Windows\system32\ADVAPI32.dll
0x000007feffb80000 - 0x000007feffc1f000 	C:\Windows\system32\msvcrt.dll
0x000007feffa20000 - 0x000007feffa3f000 	C:\Windows\SYSTEM32\sechost.dll
0x000007feff870000 - 0x000007feff99d000 	C:\Windows\system32\RPCRT4.dll
0x0000000077b10000 - 0x0000000077c0a000 	C:\Windows\system32\USER32.dll
0x000007fefe560000 - 0x000007fefe5c7000 	C:\Windows\system32\GDI32.dll
0x000007fefe550000 - 0x000007fefe55e000 	C:\Windows\system32\LPK.dll
0x000007fefde60000 - 0x000007fefdf29000 	C:\Windows\system32\USP10.dll
0x000007fefca10000 - 0x000007fefcc04000 	C:\Windows\WinSxS\amd64_microsoft.windows.common-controls_6595b64144ccf1df_6.0.7601.18837_none_fa3b1e3d17594757\COMCTL32.dll
0x000007feff7f0000 - 0x000007feff861000 	C:\Windows\system32\SHLWAPI.dll
0x000007feffa40000 - 0x000007feffa6e000 	C:\Windows\system32\IMM32.DLL
0x000007feffa70000 - 0x000007feffb79000 	C:\Windows\system32\MSCTF.dll
0x0000000061930000 - 0x0000000061a02000 	C:\Program Files\Java\jdk1.8.0_11\jre\bin\msvcr100.dll
0x000000005b330000 - 0x000000005bb5a000 	C:\Program Files\Java\jdk1.8.0_11\jre\bin\server\jvm.dll
0x000007fef6450000 - 0x000007fef6459000 	C:\Windows\system32\WSOCK32.dll
0x000007fefe5d0000 - 0x000007fefe61d000 	C:\Windows\system32\WS2_32.dll
0x000007fefe620000 - 0x000007fefe628000 	C:\Windows\system32\NSI.dll
0x000007fefc0e0000 - 0x000007fefc11b000 	C:\Windows\system32\WINMM.dll
0x0000000077de0000 - 0x0000000077de7000 	C:\Windows\system32\PSAPI.DLL
0x0000000073df0000 - 0x0000000073dff000 	C:\Program Files\Java\jdk1.8.0_11\jre\bin\verify.dll
0x00000000663e0000 - 0x0000000066408000 	C:\Program Files\Java\jdk1.8.0_11\jre\bin\java.dll
0x0000000065740000 - 0x0000000065756000 	C:\Program Files\Java\jdk1.8.0_11\jre\bin\zip.dll
0x000007fefe9a0000 - 0x000007feff729000 	C:\Windows\system32\SHELL32.dll
0x000007fefe260000 - 0x000007fefe463000 	C:\Windows\system32\ole32.dll
0x000007fefd9d0000 - 0x000007fefd9df000 	C:\Windows\system32\profapi.dll
0x000007fefd200000 - 0x000007fefd218000 	C:\Windows\system32\CRYPTSP.dll
0x000007fefcf00000 - 0x000007fefcf47000 	C:\Windows\system32\rsaenh.dll
0x000007fefda00000 - 0x000007fefda1e000 	C:\Windows\system32\USERENV.dll
0x000007fefd860000 - 0x000007fefd86f000 	C:\Windows\system32\CRYPTBASE.dll
0x0000000065720000 - 0x000000006573a000 	C:\Program Files\Java\jdk1.8.0_11\jre\bin\net.dll
0x000007fefd1a0000 - 0x000007fefd1f5000 	C:\Windows\system32\mswsock.dll
0x000007fefd190000 - 0x000007fefd197000 	C:\Windows\System32\wship6.dll
0x000007fefa8a0000 - 0x000007fefa8c7000 	C:\Windows\system32\IPHLPAPI.DLL
0x000007fefa850000 - 0x000007fefa85b000 	C:\Windows\system32\WINNSI.DLL
0x000007fefa6a0000 - 0x000007fefa6b8000 	C:\Windows\system32\dhcpcsvc.DLL
0x000007fefa580000 - 0x000007fefa591000 	C:\Windows\system32\dhcpcsvc6.DLL
0x0000000065700000 - 0x0000000065711000 	C:\Program Files\Java\jdk1.8.0_11\jre\bin\nio.dll
0x000007feefb60000 - 0x000007feefb72000 	C:\Users\Kristian\AppData\Local\Temp\native-platform5144336915209984492dir\native-platform.dll
0x000007fefd800000 - 0x000007fefd857000 	C:\Windows\system32\apphelp.dll

VM Arguments:
jvm_args: -XX:MaxPermSize=256m -XX:+HeapDumpOnOutOfMemoryError -Xmx1024m -Dfile.encoding=windows-1252 -Duser.country=US -Duser.language=en -Duser.variant 
java_command: org.gradle.launcher.daemon.bootstrap.GradleDaemon 2.2.1 C:\Users\Kristian\.gradle\daemon 10800000 99d160e0-9ed5-44b7-8952-4270ab6ae12d -XX:MaxPermSize=256m -XX:+HeapDumpOnOutOfMemoryError -Xmx1024m -Dfile.encoding=windows-1252 -Duser.country=US -Duser.language=en -Duser.variant
java_class_path (initial): C:\Users\Kristian\.gradle\wrapper\dists\gradle-2.2.1-all\c64ydeuardnfqctvr1gm30w53\gradle-2.2.1\lib\gradle-launcher-2.2.1.jar
Launcher Type: SUN_STANDARD

Environment Variables:
JAVA_HOME=C:\Program Files\Java\jdk1.8.0_11
PATH=C:\Program Files\Broadcom\Broadcom 802.11\Driver;;C:\Program Files (x86)\HP SimplePass 2012\x64;C:\Program Files (x86)\HP SimplePass 2012\;;;C:\Program Files (x86)\AMD APP\bin\x86_64;C:\Program Files (x86)\AMD APP\bin\x86;C:\Program Files\Common Files\Microsoft Shared\Windows Live;C:\Program Files (x86)\Common Files\Microsoft Shared\Windows Live;C:\Windows\system32;C:\Windows;C:\Windows\System32\Wbem;C:\Windows\System32\WindowsPowerShell\v1.0\;C:\Program Files (x86)\Common Files\Roxio Shared\DLLShared\;C:\Program Files (x86)\Common Files\Roxio Shared\DLLShared\;C:\Program Files (x86)\Common Files\Roxio Shared\12.0\DLLShared\;C:\Program Files (x86)\Windows Live\Shared;C:\Program Files (x86)\ATI Technologies\ATI.ACE\Core-Static;C:\Program Files\WIDCOMM\Bluetooth Software\;C:\Program Files\WIDCOMM\Bluetooth Software\syswow64;C:\Program Files\Broadcom\WHL\;C:\Program Files\Broadcom\WHL\syswow64;C:\Program Files\Broadcom\WHL\SysWow64\;C:\Program Files\Broadcom\WHL\SysWow64\syswow64
USERNAME=Kristian
OS=Windows_NT
PROCESSOR_IDENTIFIER=AMD64 Family 18 Model 1 Stepping 0, AuthenticAMD



---------------  S Y S T E M  ---------------

OS: Windows 7 , 64 bit Build 7601 Service Pack 1

CPU:total 4 (4 cores per cpu, 1 threads per core) family 18 model 1 stepping 0, cmov, cx8, fxsr, mmx, sse, sse2, sse3, popcnt, mmxext, 3dnowpref, lzcnt, sse4a, tsc, tscinvbit

Memory: 4k page, physical 5744544k(62428k free), swap 7159300k(5092k free)

vm_info: Java HotSpot(TM) 64-Bit Server VM (25.11-b03) for windows-amd64 JRE (1.8.0_11-b12), built on Jun 16 2014 20:57:32 by "java_re" with MS VC++ 10.0 (VS2010)

time: Sat Jul 04 14:21:19 2015
elapsed time: 10554 seconds

